Starting --->

em_cat0
OK

processing era/category : 2017/em_cat0

Top     : 260738
EWK     : 58578.8
ZTT     : 898.097
QCD     : 4098.1
Higgs  : 94.3882
Total  : 324407
Data   : 305533
ratio  = 0.94182


ggH   : 5.22565
qqH   : 1.70719
WH    : 10.4145
ZH    : 1.97398
ggHWW : 24.5663
qqHWW : 7.89436
WHWW  : 35.9966
ZHWW  : 6.60966

bbH_yt2       : 0.968461
bbH_yb2       : 0.068385
bbH_ybyt      : 0.00689937
bbH_yb2_nobb  : 0.0732558
bbH_ybyt_nobb : 0.00068701
bbHWW_yt2     : 3.9453
bbHWW_yb2     : 0.905445
bbHWW_ybyt    : 0.0282391


bbH_bb   = 1.02995
bbH_nobb = 0.0725688
bbH_tot  = 1.10252

bbHWW_tot = 4.8225

Chi2/ndof = 68.3678/40
Prob = 0.00343707


+++++++++++++++++++++++++++++++++++++++++

em_cat1
OK

processing era/category : 2017/em_cat1

Top     : 4863.53
EWK     : 11923.4
ZTT     : 112806
QCD     : 31401.4
Higgs  : 736.279
Total  : 161730
Data   : 156696
ratio  = 0.968872


ggH   : 383.165
qqH   : 25.2182
WH    : 9.30417
ZH    : 3.67572
ggHWW : 264.608
qqHWW : 30.0207
WHWW  : 14.9753
ZHWW  : 5.31268

bbH_yt2       : 2.2714
bbH_yb2       : 1.72675
bbH_ybyt      : 0.0743825
bbH_yb2_nobb  : 1.79796
bbH_ybyt_nobb : 0.14896
bbHWW_yt2     : 3.06087
bbHWW_yb2     : 3.84731
bbHWW_ybyt    : 0.0771881


bbH_bb   = 3.92377
bbH_nobb = 1.649
bbH_tot  = 5.57277

bbHWW_tot = 6.831

Chi2/ndof = 15.0851/40
Prob = 0.999881


+++++++++++++++++++++++++++++++++++++++++

