Starting --->

em_cat0

processing era/category : 2017/em_cat0

Top     : 260738
EWK     : 58578.8
ZTT     : 898.097
QCD     : 4099.93
Higgs  : 94.3882
Total  : 324409
Data   : 305533
ratio  = 0.941814


ggH   : 5.22565
qqH   : 1.70719
WH    : 10.4145
ZH    : 1.97398
ggHWW : 24.5663
qqHWW : 7.89436
WHWW  : 35.9966
ZHWW  : 6.60966

bbH_yt2       : 0.950212
bbH_yb2       : 0.0659928
bbH_ybyt      : 0.00689937
bbH_yb2_nobb  : 0.0671291
bbH_ybyt_nobb : 0.00068701
bbHWW_yt2     : 3.9453
bbHWW_yb2     : 0.884605
bbHWW_ybyt    : 0.0282391


bbH_bb   = 1.00931
bbH_nobb = 0.0664421
bbH_tot  = 1.07575

bbHWW_tot = 4.80166

Chi2/ndof = 35.7245/20
Prob = 0.0165684


+++++++++++++++++++++++++++++++++++++++++

em_cat1

processing era/category : 2017/em_cat1

Top     : 4863.53
EWK     : 11923.4
ZTT     : 112806
QCD     : 31401.8
Higgs  : 736.279
Total  : 161731
Data   : 156696
ratio  = 0.96887


ggH   : 383.165
qqH   : 25.2182
WH    : 9.30417
ZH    : 3.67572
ggHWW : 264.608
qqHWW : 30.0207
WHWW  : 14.9753
ZHWW  : 5.31268

bbH_yt2       : 2.26994
bbH_yb2       : 1.72675
bbH_ybyt      : 0.0743825
bbH_yb2_nobb  : 1.79449
bbH_ybyt_nobb : 0.14896
bbHWW_yt2     : 3.06087
bbHWW_yb2     : 3.83927
bbHWW_ybyt    : 0.0771881


bbH_bb   = 3.92231
bbH_nobb = 1.64553
bbH_tot  = 5.56784

bbHWW_tot = 6.82295

Chi2/ndof = 6.23379/20
Prob = 0.998543


+++++++++++++++++++++++++++++++++++++++++

