Starting --->

em_cat2
OK

processing era/category : 2017/em_cat2

Top     : 24169.1
EWK     : 15896.3
ZTT     : 13705.9
QCD     : 10139
Higgs  : 332.768
Total  : 64243.1
Data   : 56643
ratio  = 0.881698


ggH   : 205.172
qqH   : 16.4064
WH    : 8.19677
ZH    : 3.02915
ggHWW : 78.0561
qqHWW : 6.65013
WHWW  : 12.7359
ZHWW  : 2.52129

bbH_yt2       : 5.82261
bbH_yb2       : 1.42747
bbH_ybyt      : 0.165955
bbH_yb2_nobb  : 1.44226
bbH_ybyt_nobb : 0.0700292
bbHWW_yt2     : 3.69726
bbHWW_yb2     : 1.3017
bbHWW_ybyt    : 0.0860108


bbH_bb   = 7.08413
bbH_nobb = 1.37223
bbH_tot  = 8.45636

bbHWW_tot = 4.91295

Chi2/ndof = 159.966/40
Prob = 2.82687e-16


+++++++++++++++++++++++++++++++++++++++++

em_cat2_Nbtag0
OK

processing era/category : 2017/em_cat2_Nbtag0

Top     : 3433.05
EWK     : 11247
ZTT     : 9798.4
QCD     : 7817.2
Higgs  : 304.898
Total  : 32600.5
Data   : 31928
ratio  = 0.979371


ggH   : 192.728
qqH   : 13.9051
WH    : 6.81841
ZH    : 1.83854
ggHWW : 71.4827
qqHWW : 5.25563
WHWW  : 11.2355
ZHWW  : 1.63353

bbH_yt2       : 1.10232
bbH_yb2       : 0.636681
bbH_ybyt      : 0.0465194
bbH_yb2_nobb  : 1.4233
bbH_ybyt_nobb : 0.0680697
bbHWW_yt2     : 0.730781
bbHWW_yb2     : 0.459935
bbHWW_ybyt    : 0.155378


bbH_bb   = 1.69248
bbH_nobb = 1.35523
bbH_tot  = 3.04772

bbHWW_tot = 1.03534

Chi2/ndof = 261.036/40
Prob = 3.14114e-34


+++++++++++++++++++++++++++++++++++++++++

em_cat2_NbtagGe1
OK

processing era/category : 2017/em_cat2_NbtagGe1

Top     : 20736
EWK     : 4650.86
ZTT     : 3912.49
QCD     : 1598.23
Higgs  : 27.8705
Total  : 30925.5
Data   : 24715
ratio  = 0.799179


ggH   : 12.4441
qqH   : 2.50132
WH    : 1.37836
ZH    : 1.19062
ggHWW : 6.57339
qqHWW : 1.3945
WHWW  : 1.50042
ZHWW  : 0.88776

bbH_yt2       : 4.72167
bbH_yb2       : 0.794312
bbH_ybyt      : 0.119436
bbH_yb2_nobb  : 0.0354906
bbH_ybyt_nobb : 0.0019595
bbHWW_yt2     : 2.96648
bbHWW_yb2     : 0.89895
bbHWW_ybyt    : -0.0693675


bbH_bb   = 5.39655
bbH_nobb = 0.0335311
bbH_tot  = 5.43008

bbHWW_tot = 3.9348

Chi2/ndof = 302.77/40
Prob = 4.45179e-42


+++++++++++++++++++++++++++++++++++++++++

