Starting --->

em_cat3
OK

processing era/category : 2017/em_cat3

Top     : 23659.2
EWK     : 21318.4
ZTT     : 3788.97
QCD     : 9658.81
Higgs  : 1750.53
Total  : 60175.9
Data   : 55839
ratio  = 0.92793


ggH   : 10.5185
qqH   : 0.530135
WH    : 5.76711
ZH    : 1.44874
ggHWW : 1553.87
qqHWW : 110.833
WHWW  : 46.7085
ZHWW  : 20.8593

bbH_yt2       : 0.401749
bbH_yb2       : 0.141417
bbH_ybyt      : 0.00810844
bbH_yb2_nobb  : 0.161211
bbH_ybyt_nobb : 0.0082956
bbHWW_yt2     : 29.1352
bbHWW_yb2     : 15.0539
bbHWW_ybyt    : 1.22576


bbH_bb   = 0.535057
bbH_nobb = 0.152915
bbH_tot  = 0.687973

bbHWW_tot = 42.9633

Chi2/ndof = 59.5557/40
Prob = 0.0239426


+++++++++++++++++++++++++++++++++++++++++

em_cat3_Nbtag0
OK

processing era/category : 2017/em_cat3_Nbtag0

Top     : 3307.96
EWK     : 16192.7
ZTT     : 3348.77
QCD     : 8725.73
Higgs  : 1701.02
Total  : 33276.1
Data   : 35868
ratio  = 1.07789


ggH   : 10.2363
qqH   : 0.469942
WH    : 5.2401
ZH    : 1.31494
ggHWW : 1517.8
qqHWW : 104.828
WHWW  : 43.4288
ZHWW  : 17.7007

bbH_yt2       : 0.17858
bbH_yb2       : 0.0993389
bbH_ybyt      : 0.00391484
bbH_yb2_nobb  : 0.159998
bbH_ybyt_nobb : 0.00807536
bbHWW_yt2     : 15.6166
bbHWW_yb2     : 10.0597
bbHWW_ybyt    : 0.812145


bbH_bb   = 0.274004
bbH_nobb = 0.151922
bbH_tot  = 0.425926

bbHWW_tot = 24.8641

Chi2/ndof = 65.8995/40
Prob = 0.00610027


+++++++++++++++++++++++++++++++++++++++++

em_cat3_NbtagGe1
OK

processing era/category : 2017/em_cat3_NbtagGe1

Top     : 20351.2
EWK     : 5127.92
ZTT     : 440.227
QCD     : 638.465
Higgs  : 49.5207
Total  : 26607.4
Data   : 19971
ratio  = 0.750582


ggH   : 0.290397
qqH   : 0.0601921
WH    : 0.527013
ZH    : 0.133798
ggHWW : 36.0653
qqHWW : 6.00463
WHWW  : 3.28076
ZHWW  : 3.15855

bbH_yt2       : 0.248019
bbH_yb2       : 0.0617649
bbH_ybyt      : 0.0041936
bbH_yb2_nobb  : 0.00374334
bbH_ybyt_nobb : 0.000220236
bbHWW_yt2     : 13.5187
bbHWW_yb2     : 5.05467
bbHWW_ybyt    : 0.413614


bbH_bb   = 0.305591
bbH_nobb = 0.0035231
bbH_tot  = 0.309114

bbHWW_tot = 18.1597

Chi2/ndof = 409.478/40
Prob = 8.9712e-63


+++++++++++++++++++++++++++++++++++++++++

