Starting --->

em_cat3
OK

processing era/category : 2018/em_cat3

Top     : 32282.2
EWK     : 27103.7
ZTT     : 5589.64
QCD     : 13796.1
Higgs  : 2671.83
Total  : 81443.4
Data   : 82150
ratio  = 1.00868


ggH   : 15.2285
qqH   : 0.784604
WH    : 8.72619
ZH    : 2.22942
ggHWW : 2365.89
qqHWW : 177.494
WHWW  : 70.9733
ZHWW  : 30.5028

bbH_yt2       : 0.472633
bbH_yb2       : 0.181319
bbH_ybyt      : 0.0133805
bbH_yb2_nobb  : 0.162268
bbH_ybyt_nobb : 0.00810186
bbHWW_yt2     : 44.0795
bbHWW_yb2     : 22.7528
bbHWW_ybyt    : 1.53675


bbH_bb   = 0.640571
bbH_nobb = 0.154167
bbH_tot  = 0.794738

bbHWW_tot = 65.2956

Chi2/ndof = 25.0045/40
Prob = 0.969358


+++++++++++++++++++++++++++++++++++++++++

em_cat3_Nbtag0
OK

processing era/category : 2018/em_cat3_Nbtag0

Top     : 9330.64
EWK     : 22195.5
ZTT     : 4903.41
QCD     : 11854.8
Higgs  : 2594.23
Total  : 50878.6
Data   : 52138
ratio  = 1.02475


ggH   : 14.7092
qqH   : 0.633184
WH    : 7.84336
ZH    : 2.0327
ggHWW : 2310.1
qqHWW : 167.576
WHWW  : 65.6356
ZHWW  : 25.704

bbH_yt2       : 0.162949
bbH_yb2       : 0.0891258
bbH_ybyt      : 0.00543241
bbH_yb2_nobb  : 0.165767
bbH_ybyt_nobb : 0.0082524
bbHWW_yt2     : 23.4274
bbHWW_yb2     : 14.9892
bbHWW_ybyt    : 0.935477


bbH_bb   = 0.246642
bbH_nobb = 0.157514
bbH_tot  = 0.404156

bbHWW_tot = 37.4812

Chi2/ndof = 30.7062/40
Prob = 0.854614


+++++++++++++++++++++++++++++++++++++++++

em_cat3_NbtagGe1
OK

processing era/category : 2018/em_cat3_NbtagGe1

Top     : 22951.5
EWK     : 4914.31
ZTT     : 687.189
QCD     : 1372.65
Higgs  : 77.5965
Total  : 30003.3
Data   : 30012
ratio  = 1.00029


ggH   : 0.519301
qqH   : 0.15142
WH    : 0.882836
ZH    : 0.19672
ggHWW : 55.7911
qqHWW : 9.9186
WHWW  : 5.33774
ZHWW  : 4.7988

bbH_yt2       : 0.340201
bbH_yb2       : 0.11229
bbH_ybyt      : 0.00794808
bbH_yb2_nobb  : 0.00181454
bbH_ybyt_nobb : -0.000150536
bbHWW_yt2     : 20.6521
bbHWW_yb2     : 7.78755
bbHWW_ybyt    : 0.601274


bbH_bb   = 0.444543
bbH_nobb = 0.00196508
bbH_tot  = 0.446508

bbHWW_tot = 27.8384

Chi2/ndof = 18.5641/40
Prob = 0.998492


+++++++++++++++++++++++++++++++++++++++++

