Starting --->

em_cat2

processing era/category : 2017/em_cat2

Top     : 24169.1
EWK     : 15896.3
ZTT     : 13705.2
QCD     : 10139
Higgs  : 332.768
Total  : 64242.3
Data   : 56643
ratio  = 0.881709


ggH   : 205.172
qqH   : 16.4064
WH    : 8.19677
ZH    : 3.02915
ggHWW : 78.0561
qqHWW : 6.65013
WHWW  : 12.7359
ZHWW  : 2.52129

bbH_yt2       : 5.82261
bbH_yb2       : 1.42745
bbH_ybyt      : 0.165955
bbH_yb2_nobb  : 1.43467
bbH_ybyt_nobb : 0.0700292
bbHWW_yt2     : 3.69726
bbHWW_yb2     : 1.27072
bbHWW_ybyt    : 0.0860108


bbH_bb   = 7.08411
bbH_nobb = 1.36464
bbH_tot  = 8.44875

bbHWW_tot = 4.88197

Chi2/ndof = 95.5969/20
Prob = 7.66514e-12


+++++++++++++++++++++++++++++++++++++++++

em_cat3

processing era/category : 2017/em_cat3

Top     : 23659.2
EWK     : 21318.4
ZTT     : 3788.97
QCD     : 9658.81
Higgs  : 1750.53
Total  : 60175.9
Data   : 55839
ratio  = 0.92793


ggH   : 10.5185
qqH   : 0.530135
WH    : 5.76711
ZH    : 1.44874
ggHWW : 1553.87
qqHWW : 110.833
WHWW  : 46.7085
ZHWW  : 20.8593

bbH_yt2       : 0.39289
bbH_yb2       : 0.139248
bbH_ybyt      : 0.00810844
bbH_yb2_nobb  : 0.146645
bbH_ybyt_nobb : 0.0082956
bbHWW_yt2     : 29.1352
bbHWW_yb2     : 14.807
bbHWW_ybyt    : 1.22576


bbH_bb   = 0.52403
bbH_nobb = 0.13835
bbH_tot  = 0.662379

bbHWW_tot = 42.7165

Chi2/ndof = 33.3599/20
Prob = 0.0307952


+++++++++++++++++++++++++++++++++++++++++

em_cat2_Nbtag0

processing era/category : 2017/em_cat2_Nbtag0

Top     : 3433.05
EWK     : 11247
ZTT     : 9796.36
QCD     : 7817.2
Higgs  : 304.898
Total  : 32598.5
Data   : 31928
ratio  = 0.979432


ggH   : 192.728
qqH   : 13.9051
WH    : 6.81841
ZH    : 1.83854
ggHWW : 71.4827
qqHWW : 5.25563
WHWW  : 11.2355
ZHWW  : 1.63353

bbH_yt2       : 1.10214
bbH_yb2       : 0.633314
bbH_ybyt      : 0.0465194
bbH_yb2_nobb  : 1.41441
bbH_ybyt_nobb : 0.0680697
bbHWW_yt2     : 0.730781
bbHWW_yb2     : 0.443492
bbHWW_ybyt    : 0.155378


bbH_bb   = 1.68894
bbH_nobb = 1.34634
bbH_tot  = 3.03528

bbHWW_tot = 1.01889

Chi2/ndof = 197.056/20
Prob = 4.29817e-31


+++++++++++++++++++++++++++++++++++++++++

em_cat2_NbtagGe1

processing era/category : 2017/em_cat2_NbtagGe1

Top     : 20736
EWK     : 4649.33
ZTT     : 3909.28
QCD     : 1601.38
Higgs  : 27.8705
Total  : 30923.9
Data   : 24715
ratio  = 0.79922


ggH   : 12.4441
qqH   : 2.50132
WH    : 1.37836
ZH    : 1.19062
ggHWW : 6.57339
qqHWW : 1.3945
WHWW  : 1.50042
ZHWW  : 0.88776

bbH_yt2       : 4.72047
bbH_yb2       : 0.794138
bbH_ybyt      : 0.119436
bbH_yb2_nobb  : 0.0307955
bbH_ybyt_nobb : 0.0019595
bbHWW_yt2     : 2.96648
bbHWW_yb2     : 0.847375
bbHWW_ybyt    : -0.0693675


bbH_bb   = 5.39517
bbH_nobb = 0.028836
bbH_tot  = 5.42401

bbHWW_tot = 3.88322

Chi2/ndof = 179.053/20
Prob = 1.48725e-27


+++++++++++++++++++++++++++++++++++++++++

em_cat3_Nbtag0

processing era/category : 2017/em_cat3_Nbtag0

Top     : 3307.96
EWK     : 16192.7
ZTT     : 3348.77
QCD     : 8725.73
Higgs  : 1701.02
Total  : 33276.1
Data   : 35868
ratio  = 1.07789


ggH   : 10.2363
qqH   : 0.469942
WH    : 5.2401
ZH    : 1.31494
ggHWW : 1517.8
qqHWW : 104.828
WHWW  : 43.4288
ZHWW  : 17.7007

bbH_yt2       : 0.16229
bbH_yb2       : 0.0962326
bbH_ybyt      : 0.00391484
bbH_yb2_nobb  : 0.145432
bbH_ybyt_nobb : 0.00807536
bbHWW_yt2     : 15.6166
bbHWW_yb2     : 9.95405
bbHWW_ybyt    : 0.812145


bbH_bb   = 0.254608
bbH_nobb = 0.137357
bbH_tot  = 0.391964

bbHWW_tot = 24.7585

Chi2/ndof = 37.6283/20
Prob = 0.00982823


+++++++++++++++++++++++++++++++++++++++++

em_cat3_NbtagGe1

processing era/category : 2017/em_cat3_NbtagGe1

Top     : 20351.2
EWK     : 5127.62
ZTT     : 440.227
QCD     : 640.429
Higgs  : 49.5207
Total  : 26609
Data   : 19971
ratio  = 0.750535


ggH   : 0.290397
qqH   : 0.0601921
WH    : 0.527013
ZH    : 0.133798
ggHWW : 36.0653
qqHWW : 6.00463
WHWW  : 3.28076
ZHWW  : 3.15855

bbH_yt2       : 0.239828
bbH_yb2       : 0.0535731
bbH_ybyt      : 0.0041936
bbH_yb2_nobb  : 0.00374334
bbH_ybyt_nobb : 0.000220236
bbHWW_yt2     : 13.5187
bbHWW_yb2     : 5.02921
bbHWW_ybyt    : 0.413614


bbH_bb   = 0.289207
bbH_nobb = 0.0035231
bbH_tot  = 0.29273

bbHWW_tot = 18.1343

Chi2/ndof = 240.165/20
Prob = 1.0911e-39


+++++++++++++++++++++++++++++++++++++++++

