Starting --->

em_cat2

processing era/category : 2016/em_cat2

Top     : 15474.1
EWK     : 10547
ZTT     : 12022.2
QCD     : 5544.79
Higgs  : 301.235
Total  : 43889.4
Data   : 44000
ratio  = 1.00252


ggH   : 184.768
qqH   : 15.2516
WH    : 6.98915
ZH    : 2.76512
ggHWW : 73.713
qqHWW : 5.94807
WHWW  : 10.0169
ZHWW  : 1.78291

bbH_yt2       : 5.26755
bbH_yb2       : 1.7866
bbH_ybyt      : 0.12005
bbH_yb2_nobb  : 0.766665
bbH_ybyt_nobb : 0.0682532
bbHWW_yt2     : 2.50994
bbHWW_yb2     : 1.0451
bbHWW_ybyt    : 0.0777439


bbH_bb   = 6.93411
bbH_nobb = 0.698412
bbH_tot  = 7.63252

bbHWW_tot = 3.4773

Chi2/ndof = 4.34587/20
Prob = 0.999909


+++++++++++++++++++++++++++++++++++++++++

em_cat3

processing era/category : 2016/em_cat3

Top     : 28274.8
EWK     : 15485.3
ZTT     : 2942.7
QCD     : 5277.32
Higgs  : 1477.12
Total  : 53457.3
Data   : 55381
ratio  = 1.03599


ggH   : 6.91843
qqH   : 0.950401
WH    : 5.12754
ZH    : 1.29983
ggHWW : 1298.91
qqHWW : 101.652
WHWW  : 43.2825
ZHWW  : 18.9759

bbH_yt2       : 0.253158
bbH_yb2       : 0.0758945
bbH_ybyt      : 0.0066966
bbH_yb2_nobb  : 0.0549479
bbH_ybyt_nobb : 0.00392908
bbHWW_yt2     : 25.629
bbHWW_yb2     : 12.1106
bbHWW_ybyt    : 0.808656


bbH_bb   = 0.322356
bbH_nobb = 0.0510188
bbH_tot  = 0.373375

bbHWW_tot = 36.931

Chi2/ndof = 11.8353/20
Prob = 0.92163


+++++++++++++++++++++++++++++++++++++++++

em_cat2_Nbtag0

processing era/category : 2016/em_cat2_Nbtag0

Top     : 3120.32
EWK     : 8650.63
ZTT     : 9557.03
QCD     : 4327.46
Higgs  : 286.604
Total  : 25942
Data   : 26220
ratio  = 1.01071


ggH   : 178.126
qqH   : 13.8012
WH    : 6.12899
ZH    : 1.90245
ggHWW : 71.3648
qqHWW : 5.11922
WHWW  : 8.81442
ZHWW  : 1.34608

bbH_yt2       : 1.27271
bbH_yb2       : 0.627241
bbH_ybyt      : 0.0465674
bbH_yb2_nobb  : 0.735643
bbH_ybyt_nobb : 0.0675255
bbHWW_yt2     : 0.936742
bbHWW_yb2     : 0.673418
bbHWW_ybyt    : 0.0477636


bbH_bb   = 1.85338
bbH_nobb = 0.668117
bbH_tot  = 2.5215

bbHWW_tot = 1.5624

Chi2/ndof = 13.1311/20
Prob = 0.87169


+++++++++++++++++++++++++++++++++++++++++

em_cat2_NbtagGe1

processing era/category : 2016/em_cat2_NbtagGe1

Top     : 12353.8
EWK     : 1896.67
ZTT     : 2465.21
QCD     : 815.292
Higgs  : 14.6311
Total  : 17545.6
Data   : 17780
ratio  = 1.01336


ggH   : 6.64146
qqH   : 1.45046
WH    : 0.860158
ZH    : 0.862674
ggHWW : 2.34821
qqHWW : 0.82885
WHWW  : 1.20248
ZHWW  : 0.436826

bbH_yt2       : 4.0006
bbH_yb2       : 1.15936
bbH_ybyt      : 0.0734821
bbH_yb2_nobb  : 0.0358714
bbH_ybyt_nobb : 0.000727722
bbHWW_yt2     : 1.5732
bbHWW_yb2     : 0.377778
bbHWW_ybyt    : 0.0299803


bbH_bb   = 5.08648
bbH_nobb = 0.0351437
bbH_tot  = 5.12162

bbHWW_tot = 1.921

Chi2/ndof = 5.27897/20
Prob = 0.999578


+++++++++++++++++++++++++++++++++++++++++

em_cat3_Nbtag0

processing era/category : 2016/em_cat3_Nbtag0

Top     : 8725.69
EWK     : 13185.6
ZTT     : 2567.5
QCD     : 4774.11
Higgs  : 1445.38
Total  : 30698.3
Data   : 32048
ratio  = 1.04397


ggH   : 6.66553
qqH   : 0.84909
WH    : 4.73904
ZH    : 1.1842
ggHWW : 1278.82
qqHWW : 97.2016
WHWW  : 39.7878
ZHWW  : 16.1342

bbH_yt2       : 0.148234
bbH_yb2       : 0.0385418
bbH_ybyt      : 0.00279479
bbH_yb2_nobb  : 0.0561356
bbH_ybyt_nobb : 0.00388426
bbHWW_yt2     : 14.3883
bbHWW_yb2     : 6.94506
bbHWW_ybyt    : 0.484189


bbH_bb   = 0.183981
bbH_nobb = 0.0522513
bbH_tot  = 0.236233

bbHWW_tot = 20.8491

Chi2/ndof = 20.664/20
Prob = 0.417142


+++++++++++++++++++++++++++++++++++++++++

em_cat3_NbtagGe1

processing era/category : 2016/em_cat3_NbtagGe1

Top     : 19549.1
EWK     : 2299.69
ZTT     : 375.249
QCD     : 337.153
Higgs  : 31.7409
Total  : 22593
Data   : 23333
ratio  = 1.03275


ggH   : 0.252897
qqH   : 0.101311
WH    : 0.388501
ZH    : 0.115624
ggHWW : 20.0963
qqHWW : 4.44989
WHWW  : 3.49464
ZHWW  : 2.8417

bbH_yt2       : 0.12049
bbH_yb2       : 0.0415916
bbH_ybyt      : 0.00390181
bbH_yb2_nobb  : 0
bbH_ybyt_nobb : 4.48163e-05
bbHWW_yt2     : 11.2408
bbHWW_yb2     : 5.16557
bbHWW_ybyt    : 0.324467


bbH_bb   = 0.15818
bbH_nobb = -4.48163e-05
bbH_tot  = 0.158135

bbHWW_tot = 16.0819

Chi2/ndof = 8.5381/20
Prob = 0.987666


+++++++++++++++++++++++++++++++++++++++++

