Starting --->

tt_cat0
OK

processing era/category : 2016/tt_cat0

Top     : 292.102
EWK     : 525.344
ZTT     : 3249.06
Fakes   : 17865.5
Higgs  : 139.529
Total  : 22071.5
Data   : 22138
ratio  = 1.00301


ggH   : 131.811
qqH   : 3.41632
WH    : 1.85901
ZH    : 2.4427

bbH_yt2       : 5.42564
bbH_yb2       : 1.19113
bbH_ybyt      : 0.0901338
bbH_yb2_nobb  : 1.29664
bbH_ybyt_nobb : 0.0694858


bbH_bb   = 6.52664
bbH_nobb = 1.22715
bbH_tot  = 7.75379


Chi2/ndof = 28.1419/35
Prob = 0.787904


+++++++++++++++++++++++++++++++++++++++++

tt_cat0
OK

processing era/category : 2017/tt_cat0

Top     : 332.542
EWK     : 311.299
ZTT     : 2931.5
Fakes   : 15420.4
Higgs  : 136.217
Total  : 19131.9
Data   : 18854
ratio  = 0.985472


ggH   : 128.482
qqH   : 3.53358
WH    : 1.80203
ZH    : 2.39939

bbH_yt2       : 6.22008
bbH_yb2       : 1.11677
bbH_ybyt      : 0.103825
bbH_yb2_nobb  : 1.06948
bbH_ybyt_nobb : 0.0680578


bbH_bb   = 7.23303
bbH_nobb = 1.00142
bbH_tot  = 8.23445


Chi2/ndof = 24.067/35
Prob = 0.918132


+++++++++++++++++++++++++++++++++++++++++

tt_cat0
OK

processing era/category : 2018/tt_cat0

Top     : 531.155
EWK     : 425.44
ZTT     : 4671.21
Fakes   : 25018.4
Higgs  : 235.97
Total  : 30882.2
Data   : 30050
ratio  = 0.973053


ggH   : 222.179
qqH   : 6.46007
WH    : 3.18599
ZH    : 4.14518

bbH_yt2       : 10.6016
bbH_yb2       : 2.0408
bbH_ybyt      : 0.181647
bbH_yb2_nobb  : 2.03929
bbH_ybyt_nobb : 0.124299


bbH_bb   = 12.4607
bbH_nobb = 1.91499
bbH_tot  = 14.3757


Chi2/ndof = 29.5827/35
Prob = 0.726884


+++++++++++++++++++++++++++++++++++++++++

